1000 0.0000005410000000 8.987000 1 10
1100 0.0000005109090909 9.149091 1 11
1200 0.0000004750000000 9.303333 1 11
1300 0.0000004900000000 9.433846 1 11
1400 0.0000004835714286 9.545714 1 11
1500 0.0000003853333333 9.642667 1 11
1600 0.0000002918750000 9.727500 1 11
1700 0.0000002347058824 9.802353 1 11
1800 0.0000002850000000 9.868889 1 11
1900 0.0000002015789474 9.928421 1 11
2000 0.0000002025000000 9.982000 1 11
2100 0.0000002109523810 10.055714 1 12
2200 0.0000001890909091 10.144091 1 12
2300 0.0000002295652174 10.224783 1 12
2400 0.0000002016666667 10.298750 1 12
2500 0.0000002052000000 10.366800 1 12
2600 0.0000002200000000 10.429615 1 12
2700 0.0000002011111111 10.487778 1 12
2800 0.0000002057142857 10.541786 1 12
2900 0.0000002093103448 10.592069 1 12
3000 0.0000002056666667 10.639000 1 12
3100 0.0000002277419355 10.682903 1 12
3200 0.0000002290625000 10.724063 1 12
3300 0.0000002036363636 10.762727 1 12
3400 0.0000002105882353 10.799118 1 12
3500 0.0000002017142857 10.833429 1 12
3600 0.0000002061111111 10.865833 1 12
3700 0.0000002200000000 10.896486 1 12
3800 0.0000002171052632 10.925526 1 12
3900 0.0000002228205128 10.953077 1 12
4000 0.0000002345000000 10.979250 1 12
4100 0.0000002097560976 11.005366 1 13
4200 0.0000002057142857 11.052857 1 13
4300 0.0000002048837209 11.098140 1 13
4400 0.0000002431818182 11.141364 1 13
4500 0.0000002617777778 11.182667 1 13
4600 0.0000002373913043 11.222174 1 13
4700 0.0000002089361702 11.260000 1 13
4800 0.0000002397916667 11.296250 1 13
4900 0.0000002302040816 11.331020 1 13
5000 0.0000002288000000 11.364400 1 13
5100 0.0000002072549020 11.396471 1 13
5200 0.0000002396153846 11.427308 1 13
5300 0.0000002071698113 11.456981 1 13
5400 0.0000002151851852 11.485556 1 13
5500 0.0000002089090909 11.513091 1 13
5600 0.0000002130357143 11.539643 1 13
5700 0.0000002096491228 11.565263 1 13
5800 0.0000002143103448 11.590000 1 13
5900 0.0000002106779661 11.613898 1 13
6000 0.0000002075000000 11.637000 1 13
6100 0.0000002155737705 11.659344 1 13
6200 0.0000002162903226 11.680968 1 13
6300 0.0000002420634921 11.701905 1 13
6400 0.0000002181250000 11.722188 1 13
6500 0.0000002469230769 11.741846 1 13
6600 0.0000002201515152 11.760909 1 13
6700 0.0000002179104478 11.779403 1 13
6800 0.0000002519117647 11.797353 1 13
6900 0.0000002184057971 11.814783 1 13
7000 0.0000002147142857 11.831714 1 13
7100 0.0000002559154930 11.848169 1 13
7200 0.0000002302777778 11.864167 1 13
7300 0.0000002149315068 11.879726 1 13
7400 0.0000002528378378 11.894865 1 13
7500 0.0000002169333333 11.909600 1 13
7600 0.0000002173684211 11.923947 1 13
7700 0.0000002093506494 11.937922 1 13
7800 0.0000002142307692 11.951538 1 13
7900 0.0000002394936709 11.964810 1 13
8000 0.0000002116250000 11.977750 1 13
8100 0.0000002114814815 11.990370 1 13
8200 0.0000002307317073 12.003780 1 14
8300 0.0000002308433735 12.027831 1 14
8400 0.0000002282142857 12.051310 1 14
8500 0.0000002163529412 12.074235 1 14
8600 0.0000002258139535 12.096628 1 14
8700 0.0000002333333333 12.118506 1 14
8800 0.0000002480681818 12.139886 1 14
8900 0.0000002435955056 12.160787 1 14
9000 0.0000002235555556 12.181222 1 14
9100 0.0000002290109890 12.201209 1 14
9200 0.0000002247826087 12.220761 1 14
9300 0.0000002418279570 12.239892 1 14
9400 0.0000002170212766 12.258617 1 14
9500 0.0000002624210526 12.276947 1 14
9600 0.0000002333333333 12.294896 1 14
9700 0.0000002247422680 12.312474 1 14
9800 0.0000002190816327 12.329694 1 14
9900 0.0000002306060606 12.346566 1 14
10000 0.0000002187000000 12.363100 1 14
