1000 0.000004 500.500000 1 1000
1100 0.000001 550.500000 1 1100
1200 0.000002 600.500000 1 1200
1300 0.000002 650.500000 1 1300
1400 0.000002 700.500000 1 1400
1500 0.000002 750.500000 1 1500
1600 0.000002 800.500000 1 1600
1700 0.000002 850.500000 1 1700
1800 0.000002 900.500000 1 1800
1900 0.000002 950.500000 1 1900
2000 0.000002 1000.500000 1 2000
2100 0.000002 1050.500000 1 2100
2200 0.000002 1100.500000 1 2200
2300 0.000002 1150.500000 1 2300
2400 0.000002 1200.500000 1 2400
2500 0.000003 1250.500000 1 2500
2600 0.000003 1300.500000 1 2600
2700 0.000003 1350.500000 1 2700
2800 0.000003 1400.500000 1 2800
2900 0.000003 1450.500000 1 2900
3000 0.000003 1500.500000 1 3000
3100 0.000003 1550.500000 1 3100
3200 0.000003 1600.500000 1 3200
3300 0.000003 1650.500000 1 3300
3400 0.000003 1700.500000 1 3400
3500 0.000003 1750.500000 1 3500
3600 0.000004 1800.500000 1 3600
3700 0.000004 1850.500000 1 3700
3800 0.000004 1900.500000 1 3800
3900 0.000004 1950.500000 1 3900
4000 0.000004 2000.500000 1 4000
4100 0.000004 2050.500000 1 4100
4200 0.000004 2100.500000 1 4200
4300 0.000004 2150.500000 1 4300
4400 0.000004 2200.500000 1 4400
4500 0.000004 2250.500000 1 4500
4600 0.000004 2300.500000 1 4600
4700 0.000005 2350.500000 1 4700
4800 0.000005 2400.500000 1 4800
4900 0.000005 2450.500000 1 4900
5000 0.000005 2500.500000 1 5000
5100 0.000005 2550.500000 1 5100
5200 0.000005 2600.500000 1 5200
5300 0.000005 2650.500000 1 5300
5400 0.000005 2700.500000 1 5400
5500 0.000005 2750.500000 1 5500
5600 0.000006 2800.500000 1 5600
5700 0.000006 2850.500000 1 5700
5800 0.000006 2900.500000 1 5800
5900 0.000006 2950.500000 1 5900
6000 0.000006 3000.500000 1 6000
6100 0.000006 3050.500000 1 6100
6200 0.000006 3100.500000 1 6200
6300 0.000006 3150.500000 1 6300
6400 0.000006 3200.500000 1 6400
6500 0.000006 3250.500000 1 6500
6600 0.000006 3300.500000 1 6600
6700 0.000007 3350.500000 1 6700
6800 0.000007 3400.500000 1 6800
6900 0.000007 3450.500000 1 6900
7000 0.000007 3500.500000 1 7000
7100 0.000007 3550.500000 1 7100
7200 0.000007 3600.500000 1 7200
7300 0.000007 3650.500000 1 7300
7400 0.000007 3700.500000 1 7400
7500 0.000007 3750.500000 1 7500
7600 0.000007 3800.500000 1 7600
7700 0.000008 3850.500000 1 7700
7800 0.000008 3900.500000 1 7800
7900 0.000008 3950.500000 1 7900
8000 0.000008 4000.500000 1 8000
8100 0.000008 4050.500000 1 8100
8200 0.000008 4100.500000 1 8200
8300 0.000008 4150.500000 1 8300
8400 0.000008 4200.500000 1 8400
8500 0.000008 4250.500000 1 8500
8600 0.000008 4300.500000 1 8600
8700 0.000008 4350.500000 1 8700
8800 0.000008 4400.500000 1 8800
8900 0.000009 4450.500000 1 8900
9000 0.000009 4500.500000 1 9000
9100 0.000009 4550.500000 1 9100
9200 0.000009 4600.500000 1 9200
9300 0.000009 4650.500000 1 9300
9400 0.000009 4700.500000 1 9400
9500 0.000009 4750.500000 1 9500
9600 0.000009 4800.500000 1 9600
9700 0.000009 4850.500000 1 9700
9800 0.000009 4900.500000 1 9800
9900 0.000010 4950.500000 1 9900
10000 0.000010 5000.500000 1 10000
