1000 0.000000 9.143550 1 10
1100 0.000000 9.586636 2 11
1200 0.000000 9.626100 1 11
1300 0.000000 9.739677 3 11
1400 0.000000 9.749886 2 11
1500 0.000000 9.785133 2 11
1600 0.000000 10.047119 3 11
1700 0.000000 10.063788 2 11
1800 0.000000 10.122156 2 11
1900 0.000000 10.124489 2 11
2000 0.000000 10.137965 3 11
2100 0.000000 10.573743 3 12
2200 0.000000 10.588609 3 12
2300 0.000000 10.589987 3 12
2400 0.000000 10.627783 1 12
2500 0.000000 10.638996 3 12
2600 0.000000 10.736588 1 12
2700 0.000000 10.745533 2 12
2800 0.000000 10.746989 2 12
2900 0.000000 10.777652 1 12
3000 0.000000 10.786977 3 12
3100 0.000000 11.041771 3 12
3200 0.000000 11.048250 3 12
3300 0.000000 11.049658 3 12
3400 0.000000 11.060429 2 12
3500 0.000000 11.067723 3 12
3600 0.000000 11.118772 4 12
3700 0.000000 11.118243 2 12
3800 0.000000 11.124321 2 12
3900 0.000000 11.136779 4 12
4000 0.000000 11.139255 3 12
4100 0.000000 11.575239 3 13
4200 0.000000 11.576612 3 13
4300 0.000000 11.578228 2 13
4400 0.000000 11.587050 2 13
4500 0.000000 11.588589 2 13
4600 0.000000 11.592420 2 13
4700 0.000000 11.622970 3 13
4800 0.000000 11.624483 1 13
4900 0.000000 11.635071 4 13
5000 0.000000 11.639402 1 13
5100 0.000000 11.641122 2 13
5200 0.000000 11.735517 3 13
5300 0.000000 11.739775 3 13
5400 0.000000 11.744591 2 13
5500 0.000000 11.747649 3 13
5600 0.000000 11.749421 2 13
5700 0.000000 11.775496 3 13
5800 0.000000 11.778176 1 13
5900 0.000000 11.785447 1 13
6000 0.000000 11.786775 2 13
6100 0.000000 11.787518 4 13
6200 0.000000 12.042519 3 13
6300 0.000000 12.044608 3 13
6400 0.000000 12.047117 3 13
6500 0.000000 12.047869 4 13
6600 0.000000 12.049688 3 13
6700 0.000000 12.060690 3 13
6800 0.000000 12.061124 3 13
6900 0.000000 12.062916 3 13
7000 0.000000 12.065454 2 13
7100 0.000000 12.067304 3 13
7200 0.000000 12.118154 3 13
7300 0.000000 12.120544 3 13
7400 0.000000 12.119759 3 13
7500 0.000000 12.122423 3 13
7600 0.000000 12.123055 3 13
7700 0.000000 12.135117 2 13
7800 0.000000 12.136627 3 13
7900 0.000000 12.137880 4 13
8000 0.000000 12.140700 3 13
8100 0.000000 12.142938 2 13
8200 0.000000 12.574471 2 13
8300 0.000000 12.575551 3 14
8400 0.000000 12.574585 2 14
8500 0.000000 12.576834 3 14
8600 0.000000 12.577505 4 14
8700 0.000000 12.578364 3 14
8800 0.000000 12.586588 4 14
8900 0.000000 12.588573 3 14
9000 0.000000 12.592451 4 14
9100 0.000000 12.592515 3 14
9200 0.000000 12.592092 3 14
9300 0.000000 12.621352 3 14
9400 0.000000 12.623599 3 14
9500 0.000000 12.622940 3 14
9600 0.000000 12.625893 4 14
9700 0.000000 12.626971 3 14
9800 0.000000 12.635757 3 14
9900 0.000000 12.635464 3 14
10000 0.000000 12.639458 3 14
