1000 0.0000002150145000 9.141131 1 10
1250 0.0000002217548000 9.640111 1 11
1500 0.0000002073886000 9.786275 1 11
1750 0.0000002013709143 10.066076 1 11
2000 0.0000001979812500 10.141168 1 11
2250 0.0000002005416444 10.591065 1 12
2500 0.0000002033235200 10.639816 1 12
2750 0.0000002020977455 10.746174 1 12
3000 0.0000002020296000 10.786340 1 12
3250 0.0000002026118462 11.047817 1 12
3500 0.0000002024650571 11.065695 1 12
3750 0.0000002046735200 11.122495 1 12
4000 0.0000002032041250 11.140936 1 12
4250 0.0000002056978824 11.577316 1 13
4500 0.0000002058419111 11.590931 1 13
4750 0.0000002170546316 11.624363 1 13
5000 0.0000002106230600 11.639720 1 13
5250 0.0000002021725905 11.739441 1 13
5500 0.0000002016771818 11.746120 1 13
5750 0.0000002024209217 11.776159 1 13
6000 0.0000002029221167 11.786313 1 13
6250 0.0000002034911680 12.043730 1 13
6500 0.0000002031940769 12.047790 1 13
6750 0.0000002036785778 12.060719 1 13
7000 0.0000002035507000 12.066008 1 13
7250 0.0000002033171724 12.119196 1 13
7500 0.0000002036692000 12.122275 1 13
7750 0.0000002061602581 12.136659 1 13
8000 0.0000002053275875 12.141091 1 13
8250 0.0000002109291273 12.574146 1 14
8500 0.0000002108793412 12.577209 1 14
8750 0.0000002112619543 12.586510 1 14
9000 0.0000002113758778 12.590887 1 14
9250 0.0000002105438270 12.621742 1 14
9500 0.0000002218285053 12.624381 1 14
9750 0.0000002304998256 12.635634 1 14
10000 0.0000002379233500 12.639523 1 14
