1000 0.000000 9.095000 4 10
1100 0.000000 9.569091 3 11
1200 0.000000 9.630000 5 11
1300 0.000000 9.730769 5 11
1400 0.000000 9.718571 5 11
1500 0.000000 9.774000 5 11
1600 0.000000 10.085000 6 11
1700 0.000000 10.092941 5 11
1800 0.000000 10.136667 6 11
1900 0.000000 10.123684 3 11
2000 0.000000 10.143500 5 11
2100 0.000000 10.576190 5 12
2200 0.000000 10.608182 6 12
2300 0.000000 10.614783 6 12
2400 0.000000 10.598750 6 12
2500 0.000000 10.626000 5 12
2600 0.000000 10.719231 4 12
2700 0.000000 10.710000 4 12
2800 0.000000 10.752143 5 12
2900 0.000000 10.763793 5 12
3000 0.000000 10.775333 6 12
3100 0.000000 11.065161 6 12
3200 0.000000 11.042500 5 12
3300 0.000000 11.051818 6 12
3400 0.000000 11.065000 6 12
3500 0.000000 11.034857 4 12
3600 0.000000 11.113889 5 12
3700 0.000000 11.108108 6 12
3800 0.000000 11.142105 6 12
3900 0.000000 11.116923 6 12
4000 0.000000 11.115250 6 12
4100 0.000000 11.597561 6 12
4200 0.000000 11.580714 6 13
4300 0.000000 11.579767 6 13
4400 0.000000 11.560682 5 13
4500 0.000000 11.593111 7 13
4600 0.000000 11.606739 6 13
4700 0.000000 11.639149 6 13
4800 0.000000 11.625417 6 13
4900 0.000000 11.615714 5 13
5000 0.000000 11.650000 5 13
5100 0.000000 11.658627 6 13
5200 0.000000 11.746154 6 13
5300 0.000000 11.749623 6 13
5400 0.000000 11.745185 5 13
5500 0.000000 11.747273 5 13
5600 0.000000 11.736250 7 13
5700 0.000000 11.783860 7 13
5800 0.000000 11.764310 4 13
5900 0.000000 11.772373 6 13
6000 0.000000 11.766167 6 13
6100 0.000000 11.784590 6 13
6200 0.000000 12.043548 5 13
6300 0.000000 12.063016 6 13
6400 0.000000 12.037500 6 13
6500 0.000000 12.048615 7 13
6600 0.000000 12.044394 7 13
6700 0.000000 12.051194 7 13
6800 0.000000 12.057500 6 13
6900 0.000000 12.050435 7 13
7000 0.000000 12.075857 6 13
7100 0.000000 12.067324 6 13
7200 0.000000 12.127361 7 13
7300 0.000000 12.108082 7 13
7400 0.000000 12.128514 6 13
7500 0.000000 12.127867 6 13
7600 0.000000 12.125000 7 13
7700 0.000000 12.142987 6 13
7800 0.000000 12.139615 8 13
7900 0.000000 12.141266 5 13
8000 0.000000 12.144250 8 13
8100 0.000000 12.148025 7 13
8200 0.000000 12.577561 7 13
8300 0.000000 12.568313 6 14
8400 0.000000 12.576667 6 14
8500 0.000000 12.571647 6 14
8600 0.000000 12.566628 5 14
8700 0.000000 12.577241 6 14
8800 0.000000 12.589773 6 14
8900 0.000000 12.586180 7 14
9000 0.000000 12.589111 5 14
9100 0.000000 12.593736 6 14
9200 0.000000 12.593152 6 14
9300 0.000000 12.626989 6 14
9400 0.000000 12.610532 7 14
9500 0.000000 12.624316 5 14
9600 0.000000 12.627500 6 14
9700 0.000000 12.626186 7 14
9800 0.000000 12.634388 7 14
9900 0.000000 12.638788 7 14
10000 0.000000 12.647400 6 14
