1000 0.000000 10.009195 1 1000
1250 0.000000 11.463981 1 1250
1500 0.000000 12.699201 1 1500
1750 0.000000 13.831904 1 1750
2000 0.000000 15.503766 1 2000
2250 0.000000 15.849110 1 2250
2500 0.000000 17.281309 1 2500
2750 0.000000 19.540652 1 2750
3000 0.000000 20.473598 1 3000
3250 0.000000 21.781420 1 3250
3500 0.000000 22.382133 1 3500
3750 0.000000 23.325263 1 3750
4000 0.000000 26.187483 1 4000
4250 0.000000 27.673135 1 4250
4500 0.000000 27.723937 1 4500
4750 0.000000 30.307620 1 4750
5000 0.000000 31.646638 1 5000
5250 0.000000 31.343111 1 5250
5500 0.000000 34.294221 1 5500
5750 0.000000 36.296762 1 5750
6000 0.000000 35.638221 1 6000
6250 0.000000 36.841469 1 6250
6500 0.000000 37.537070 1 6500
6750 0.000000 41.476984 1 6750
7000 0.000000 41.220837 1 7000
7250 0.000000 43.264404 1 7250
7500 0.000000 43.734747 1 7499
7750 0.000000 44.001622 1 7749
8000 0.000000 47.058415 1 8000
8250 0.000000 51.331950 1 8250
8500 0.000000 45.922299 1 8500
8750 0.000000 53.929212 1 8750
9000 0.000000 50.885804 1 9000
9250 0.000000 49.922560 1 9250
9500 0.000000 55.301172 1 9500
9750 0.000000 58.041920 1 9750
10000 0.000000 58.113374 1 10000
