1000 0.000000 60.664600 1 999
1100 0.000000 56.715964 1 1094
1200 0.000000 62.226675 1 1199
1300 0.000000 57.737223 1 1299
1400 0.000000 66.348307 1 1400
1500 0.000000 83.837347 1 1499
1600 0.000000 87.415550 1 1591
1700 0.000000 96.628824 1 1700
1800 0.000000 100.385428 1 1796
1900 0.000000 102.314668 1 1898
2000 0.000000 99.754155 1 1999
2100 0.000000 110.894171 1 2090
2200 0.000000 115.199764 1 2199
2300 0.000000 119.184887 1 2293
2400 0.000000 122.928129 1 2393
2500 0.000000 135.741412 1 2497
2600 0.000000 128.451035 1 2597
2700 0.000000 144.308167 1 2700
2800 0.000000 123.329975 1 2798
2900 0.000000 157.979834 1 2900
3000 0.000000 158.467987 1 2995
3100 0.000000 163.183671 1 3100
3200 0.000000 150.448156 1 3199
3300 0.000001 167.672579 1 3300
3400 0.000000 166.115029 1 3400
3500 0.000000 161.776483 1 3495
3600 0.000000 166.049372 1 3600
3700 0.000001 210.685786 1 3700
3800 0.000001 183.573092 1 3792
3900 0.000001 180.913854 1 3900
4000 0.000001 212.570787 1 3997
4100 0.000001 222.432339 1 4097
4200 0.000001 244.683776 1 4199
4300 0.000001 284.733723 1 4300
4400 0.000001 211.655532 1 4397
4500 0.000001 195.249622 1 4499
4600 0.000001 287.339374 1 4599
4700 0.000001 274.425766 1 4698
4800 0.000001 274.751281 1 4796
4900 0.000001 253.579261 1 4896
5000 0.000001 269.653036 1 5000
5100 0.000001 272.039167 1 5083
5200 0.000001 266.714183 1 5196
5300 0.000001 272.778008 1 5272
5400 0.000001 255.448576 1 5397
5500 0.000001 336.496031 1 5493
5600 0.000001 268.402591 1 5597
5700 0.000001 224.194211 1 5697
5800 0.000001 292.877590 1 5797
5900 0.000001 337.505559 1 5900
6000 0.000001 305.813502 1 6000
6100 0.000001 337.085008 1 6099
6200 0.000001 312.498998 1 6199
6300 0.000001 376.935221 1 6297
6400 0.000001 325.680155 1 6399
6500 0.000001 301.632186 1 6500
6600 0.000001 223.088595 1 6600
6700 0.000001 323.676443 1 6697
6800 0.000001 349.581437 1 6798
6900 0.000001 347.717899 1 6900
7000 0.000001 366.203179 1 6992
7100 0.000001 335.140089 1 7094
7200 0.000001 394.042321 1 7199
7300 0.000001 432.059462 1 7294
7400 0.000001 382.768072 1 7398
7500 0.000001 381.259816 1 7499
7600 0.000001 359.971537 1 7598
7700 0.000001 407.627895 1 7691
7800 0.000001 430.074535 1 7799
7900 0.000001 370.090897 1 7898
8000 0.000001 361.283050 1 8000
8100 0.000001 474.981432 1 8097
8200 0.000001 430.614929 1 8188
8300 0.000001 434.735128 1 8290
8400 0.000001 352.057868 1 8381
8500 0.000001 434.901509 1 8497
8600 0.000001 516.497144 1 8599
8700 0.000001 488.822705 1 8691
8800 0.000001 425.140423 1 8790
8900 0.000001 414.742503 1 8886
9000 0.000001 545.609730 1 8998
9100 0.000001 400.018604 1 9099
9200 0.000001 572.840347 1 9198
9300 0.000001 565.839523 1 9298
9400 0.000001 474.521862 1 9400
9500 0.000001 490.517492 1 9495
9600 0.000001 541.123398 1 9591
9700 0.000001 519.526654 1 9698
9800 0.000001 483.166013 1 9794
9900 0.000001 485.133331 1 9885
10000 0.000001 392.763537 1 9986
