1000 0.0000018910000000 160.897000 1 991
1100 0.0000020318181818 544.400909 14 1077
1200 0.0000015550000000 570.594167 1 1167
1300 0.0000011715384615 414.697692 1 1274
1400 0.0000009528571429 324.618571 1 1370
1500 0.0000011473333333 414.654667 1 1489
1600 0.0000020068750000 775.169375 9 1565
1700 0.0000016041176471 538.322353 1 1646
1800 0.0000026355555556 1049.053333 8 1796
1900 0.0000022052631579 887.356316 1 1859
2000 0.0000020130000000 793.294500 1 1977
2100 0.0000016547619048 655.239524 1 2089
2200 0.0000025686363636 1131.203636 13 2198
2300 0.0000015230434783 676.370870 1 2267
2400 0.0000010950000000 481.346667 1 2398
2500 0.0000027856000000 1443.595200 97 2498
2600 0.0000023515384615 1112.131154 25 2551
2700 0.0000023029629630 1237.207407 1 2657
2800 0.0000027496428571 1479.127857 1 2748
2900 0.0000024420689655 1306.785517 49 2877
3000 0.0000016586666667 849.574667 1 2978
3100 0.0000012670967742 639.684839 1 2975
3200 0.0000017053125000 888.614375 1 3184
3300 0.0000038581818182 2038.869697 9 3288
3400 0.0000015691176471 803.862941 1 3394
3500 0.0000029514285714 1557.001143 33 3490
3600 0.0000018225000000 824.620278 1 3598
3700 0.0000016940540541 808.102432 1 3669
3800 0.0000017792105263 746.705263 1 3798
3900 0.0000031146153846 1357.559487 1 3895
4000 0.0000027280000000 1438.242500 1 3909
4100 0.0000012882926829 633.285122 1 4088
4200 0.0000019330952381 952.473333 1 4003
4300 0.0000028769767442 1464.602558 1 4294
4400 0.0000025379545455 1106.039545 1 4368
4500 0.0000017493333333 772.303556 1 4426
4600 0.0000045069565217 2265.812609 1 4588
4700 0.0000048946808511 2591.432553 44 4661
4800 0.0000057258333333 2765.834583 8 4797
4900 0.0000014377551020 690.553673 1 4885
5000 0.0000035388000000 1887.270200 1 4976
5100 0.0000047486274510 2622.646078 1 5100
5200 0.0000022396153846 1165.933269 1 5096
5300 0.0000044181132075 2430.523208 33 5300
5400 0.0000050703703704 2578.861111 3 5254
5500 0.0000049429090909 2528.848909 35 5499
5600 0.0000047473214286 2587.788036 7 5581
5700 0.0000036715789474 1995.616667 1 5661
5800 0.0000029703448276 1570.834828 1 5775
5900 0.0000045154237288 2356.125254 49 5882
6000 0.0000062150000000 3352.888167 38 5931
6100 0.0000051280327869 2632.423607 56 6059
6200 0.0000061358064516 3146.122742 4 6185
6300 0.0000025615873016 1349.895714 1 6299
6400 0.0000049578125000 2737.574844 22 6387
6500 0.0000036109230769 1893.267538 1 6411
6600 0.0000040360606061 2079.375455 1 6550
6700 0.0000035031343284 1868.824030 1 6641
6800 0.0000066975000000 3496.540588 1 6631
6900 0.0000068775362319 3733.657826 20 6851
7000 0.0000033730000000 1833.949714 1 6988
7100 0.0000075187323944 4129.163521 17 7015
7200 0.0000058915277778 3255.409722 25 7177
7300 0.0000035826027397 1717.809726 1 7286
7400 0.0000067125675676 3627.149054 5 7376
7500 0.0000049716000000 2710.822933 1 7268
7600 0.0000043950000000 2302.443816 1 7564
7700 0.0000053518181818 2775.846623 1 7697
7800 0.0000035246153846 1682.020128 1 7763
7900 0.0000050146835443 2659.453671 1 7866
8000 0.0000071216250000 3935.015125 3 7902
8100 0.0000030056790123 1608.802222 1 7930
8200 0.0000022267073171 1170.138780 1 8029
8300 0.0000095228915663 5084.343373 37 8299
8400 0.0000048951190476 2686.147381 1 8338
8500 0.0000092418823529 5120.598824 10 8481
8600 0.0000063450000000 3377.854070 47 8141
8700 0.0000051620689655 2779.559425 1 8679
8800 0.0000066595454545 3664.611591 1 8764
8900 0.0000036100000000 1960.870787 1 8876
9000 0.0000041522222222 2212.884000 1 8820
9100 0.0000075628571429 3981.004066 1 9015
9200 0.0000065015217391 3584.451739 1 9086
9300 0.0000057797849462 3190.261720 1 9215
9400 0.0000062327659574 3223.671170 1 9386
9500 0.0000038656842105 2099.688316 1 9477
9600 0.0000047726041667 2558.859063 1 9524
9700 0.0000033876288660 1762.675876 1 9697
9800 0.0000070645918367 3732.235918 23 9738
9900 0.0000082489898990 4548.834949 1 9881
10000 0.0000037366000000 2024.387000 1 9896
