1000 0.000001 8.987000 1 10
1100 0.000001 9.149091 1 11
1200 0.000001 9.303333 1 11
1300 0.000000 9.433846 1 11
1400 0.000000 9.545714 1 11
1500 0.000000 9.642667 1 11
1600 0.000000 9.727500 1 11
1700 0.000000 9.802353 1 11
1800 0.000000 9.868889 1 11
1900 0.000000 9.928421 1 11
2000 0.000000 9.982000 1 11
2100 0.000000 10.055714 1 12
2200 0.000000 10.144091 1 12
2300 0.000000 10.224783 1 12
2400 0.000000 10.298750 1 12
2500 0.000000 10.366800 1 12
2600 0.000000 10.429615 1 12
2700 0.000000 10.487778 1 12
2800 0.000000 10.541786 1 12
2900 0.000000 10.592069 1 12
3000 0.000000 10.639000 1 12
3100 0.000000 10.682903 1 12
3200 0.000000 10.724063 1 12
3300 0.000000 10.762727 1 12
3400 0.000000 10.799118 1 12
3500 0.000000 10.833429 1 12
3600 0.000000 10.865833 1 12
3700 0.000000 10.896486 1 12
3800 0.000000 10.925526 1 12
3900 0.000000 10.953077 1 12
4000 0.000000 10.979250 1 12
4100 0.000000 11.005366 1 13
4200 0.000000 11.052857 1 13
4300 0.000000 11.098140 1 13
4400 0.000000 11.141364 1 13
4500 0.000000 11.182667 1 13
4600 0.000000 11.222174 1 13
4700 0.000000 11.260000 1 13
4800 0.000000 11.296250 1 13
4900 0.000000 11.331020 1 13
5000 0.000000 11.364400 1 13
5100 0.000000 11.396471 1 13
5200 0.000000 11.427308 1 13
5300 0.000000 11.456981 1 13
5400 0.000000 11.485556 1 13
5500 0.000000 11.513091 1 13
5600 0.000000 11.539643 1 13
5700 0.000000 11.565263 1 13
5800 0.000000 11.590000 1 13
5900 0.000000 11.613898 1 13
6000 0.000000 11.637000 1 13
6100 0.000000 11.659344 1 13
6200 0.000000 11.680968 1 13
6300 0.000000 11.701905 1 13
6400 0.000000 11.722188 1 13
6500 0.000000 11.741846 1 13
6600 0.000000 11.760909 1 13
6700 0.000000 11.779403 1 13
6800 0.000000 11.797353 1 13
6900 0.000000 11.814783 1 13
7000 0.000000 11.831714 1 13
7100 0.000000 11.848169 1 13
7200 0.000000 11.864167 1 13
7300 0.000000 11.879726 1 13
7400 0.000000 11.894865 1 13
7500 0.000000 11.909600 1 13
7600 0.000000 11.923947 1 13
7700 0.000000 11.937922 1 13
7800 0.000000 11.951538 1 13
7900 0.000000 11.964810 1 13
8000 0.000000 11.977750 1 13
8100 0.000000 11.990370 1 13
8200 0.000000 12.003780 1 14
8300 0.000000 12.027831 1 14
8400 0.000000 12.051310 1 14
8500 0.000000 12.074235 1 14
8600 0.000000 12.096628 1 14
8700 0.000000 12.118506 1 14
8800 0.000000 12.139886 1 14
8900 0.000000 12.160787 1 14
9000 0.000000 12.181222 1 14
9100 0.000000 12.201209 1 14
9200 0.000000 12.220761 1 14
9300 0.000000 12.239892 1 14
9400 0.000000 12.258617 1 14
9500 0.000000 12.276947 1 14
9600 0.000000 12.294896 1 14
9700 0.000000 12.312474 1 14
9800 0.000000 12.329694 1 14
9900 0.000000 12.346566 1 14
10000 0.000000 12.363100 1 14
