1 0.000232 0.000000 0 0
2 0.000178 1.000000 1 1
3 0.000210 2.629020 2 3
4 0.000236 4.750250 4 6
5 0.000269 7.269960 6 10
6 0.000305 10.148070 8 15
7 0.000354 13.305240 10 21
8 0.000417 16.701460 13 28
9 0.000477 20.356940 16 36
10 0.000514 24.198520 19 45
11 0.000570 28.190590 22 53
12 0.000627 32.415810 25 66
13 0.000662 36.709650 28 73
14 0.000726 41.223610 31 87
15 0.000792 45.864300 34 90
16 0.000838 50.566070 38 94
17 0.000888 55.483490 42 106
18 0.000956 60.503730 46 130
19 0.001009 65.519460 50 132
20 0.001056 70.757880 54 134
21 0.001119 76.055620 58 148
22 0.001177 81.388170 62 160
23 0.001230 86.904460 66 166
24 0.001300 92.496130 70 194
25 0.001365 98.090080 75 179
26 0.001448 103.802010 79 204
27 0.001516 109.610510 83 207
28 0.001571 115.397110 88 235
29 0.001615 121.255900 92 230
30 0.001653 127.229240 97 244
31 0.001760 133.426240 102 256
32 0.001795 139.589930 107 261
33 0.001854 145.681840 112 267
34 0.001934 151.917970 116 303
35 0.001982 158.320910 121 290
36 0.002030 164.589450 125 316
37 0.002173 170.978620 131 321
38 0.002216 177.382450 137 342
39 0.002246 183.927270 140 323
40 0.002301 190.555940 148 330
41 0.002369 197.066250 151 360
42 0.002447 203.806420 157 368
43 0.002485 210.549530 162 387
44 0.002611 217.153900 167 404
45 0.002642 223.985820 174 406
46 0.002728 230.827020 178 429
47 0.002793 237.665160 185 406
48 0.002861 244.549280 190 464
49 0.002944 251.490300 193 451
50 0.003000 258.561850 197 500
51 0.003169 265.668820 205 486
52 0.003118 272.763270 211 490
53 0.003215 279.893100 216 517
54 0.003271 286.908220 224 491
55 0.003345 294.106850 225 496
56 0.003415 301.350120 234 517
57 0.003485 308.775330 239 564
58 0.003567 316.098310 246 543
59 0.003659 323.615550 252 554
60 0.003822 330.855200 258 592
61 0.003768 338.241790 264 596
62 0.003854 345.294020 267 588
63 0.003930 352.880870 276 612
64 0.004041 360.596370 282 639
65 0.004095 367.985220 289 649
66 0.004186 375.661290 295 629
67 0.004322 383.022650 299 636
68 0.004308 390.930810 307 693
69 0.004388 398.441970 313 708
70 0.004468 405.995940 318 673
71 0.004552 413.681390 322 746
72 0.004689 421.488230 330 727
73 0.004703 429.338100 335 729
74 0.004709 437.140900 342 744
75 0.004834 444.828730 349 763
76 0.004893 452.661580 357 766
77 0.004991 460.389090 362 767
78 0.005059 468.545810 367 840
79 0.005202 476.376990 376 819
80 0.005270 484.325650 379 818
81 0.005290 492.430430 386 830
82 0.005370 500.044690 390 887
83 0.005502 508.256530 399 909
84 0.005525 516.142300 413 870
85 0.005732 524.127190 412 844
86 0.005696 532.161930 422 920
87 0.005779 540.518160 430 921
88 0.005846 548.661300 437 1007
89 0.005929 556.847270 442 929
90 0.006104 564.814410 445 1048
91 0.006074 572.992290 453 1038
92 0.006143 581.520720 464 993
93 0.006263 589.724350 464 1043
94 0.006393 597.763550 477 1006
95 0.006377 606.150980 481 1040
96 0.006465 614.768030 492 1056
97 0.006662 622.739710 493 1013
98 0.006632 630.925880 503 1041
99 0.006707 639.046020 510 1120
100 0.006794 647.740590 508 1086
