1 0.000380 0.000000 0 0
2 0.000640 1.000000 1 1
3 0.000720 2.540000 2 3
4 0.000960 4.640000 4 5
5 0.001160 7.420000 5 8
6 0.001300 9.820000 7 11
7 0.001620 12.760000 11 14
8 0.001740 15.620000 13 17
9 0.002040 19.080000 16 21
10 0.002260 22.520000 20 25
11 0.002980 26.600000 24 29
12 0.002800 30.040000 24 33
13 0.002980 33.680000 31 37
14 0.003160 37.720000 32 41
15 0.003540 41.400000 37 45
16 0.003920 45.600000 40 49
17 0.004040 50.200000 45 54
18 0.004240 54.580000 48 59
19 0.004860 58.980000 54 63
20 0.004700 63.620000 59 68
21 0.005260 67.780000 62 73
22 0.005780 72.380000 66 77
23 0.005380 76.680000 71 82
24 0.005880 82.500000 75 87
25 0.006300 86.480000 79 92
26 0.006540 90.480000 84 96
27 0.006840 96.700000 88 102
28 0.006860 101.080000 95 106
29 0.008340 106.720000 101 112
30 0.007680 111.580000 104 116
31 0.008560 115.980000 107 121
32 0.008400 121.820000 117 127
33 0.008940 127.700000 122 133
34 0.011880 132.060000 126 137
35 0.009720 138.500000 133 144
36 0.009780 144.080000 135 150
37 0.010440 148.420000 140 154
38 0.010580 153.080000 147 158
39 0.012880 158.980000 150 166
40 0.013520 165.260000 157 173
41 0.012600 170.360000 157 176
42 0.012180 176.640000 163 183
43 0.012800 181.360000 171 189
44 0.012980 187.760000 178 194
45 0.013800 192.900000 183 200
46 0.009460 199.200000 194 206
47 0.009840 205.220000 195 213
48 0.010520 211.440000 205 220
49 0.010420 215.620000 208 223
50 0.010680 222.440000 214 229
51 0.011160 227.960000 220 235
52 0.011400 232.520000 221 240
53 0.013900 240.260000 230 250
54 0.010260 246.520000 238 253
55 0.009400 251.580000 237 259
56 0.009700 256.580000 248 266
57 0.009840 262.780000 253 270
58 0.010160 269.000000 261 276
59 0.010360 275.000000 264 285
60 0.010340 281.460000 273 289
61 0.010100 287.800000 271 295
62 0.009020 293.180000 282 302
63 0.009000 299.980000 291 311
64 0.009240 304.920000 290 312
65 0.009520 311.900000 303 319
66 0.009680 318.260000 310 331
67 0.009840 325.760000 317 335
68 0.010320 331.480000 321 344
69 0.010420 337.820000 326 348
70 0.009460 342.780000 332 350
71 0.008940 350.420000 339 361
72 0.009440 357.340000 348 370
73 0.009420 362.300000 353 372
74 0.011700 369.220000 357 379
75 0.010000 374.340000 358 385
76 0.009800 381.540000 369 394
77 0.010000 388.720000 378 400
78 0.010020 396.740000 382 408
79 0.009500 401.940000 383 414
80 0.010040 408.420000 399 418
81 0.010180 415.800000 407 426
82 0.010060 421.700000 404 432
83 0.010340 427.900000 410 437
84 0.010860 436.120000 421 447
85 0.010720 440.780000 428 452
86 0.010880 448.880000 439 459
87 0.010780 452.580000 437 469
88 0.011640 462.840000 451 475
89 0.011300 467.220000 455 477
90 0.010620 474.860000 455 487
91 0.010800 480.740000 470 494
92 0.010800 488.200000 473 498
93 0.010840 494.740000 484 504
94 0.011240 500.380000 484 512
95 0.011060 507.760000 490 522
96 0.010740 514.200000 501 524
97 0.012720 521.200000 504 536
98 0.013280 526.860000 510 545
99 0.012120 533.960000 519 545
100 0.012000 542.160000 529 553
