1 0.000400 0.000000 0 0
2 0.000460 1.000000 1 1
3 0.000540 2.700000 2 3
4 0.000800 4.580000 4 6
5 0.000780 7.440000 6 10
6 0.000920 9.720000 8 15
7 0.000980 13.280000 11 18
8 0.001200 16.960000 13 24
9 0.001320 21.560000 16 32
10 0.001900 24.000000 19 33
11 0.001580 27.900000 23 41
12 0.001640 33.800000 25 50
13 0.001880 37.580000 29 50
14 0.001960 42.060000 32 60
15 0.002180 46.840000 36 71
16 0.002520 51.420000 41 71
17 0.002380 57.820000 45 80
18 0.002560 61.180000 49 88
19 0.002820 67.440000 55 105
20 0.002860 70.500000 59 107
21 0.002960 72.940000 62 91
22 0.003160 81.960000 64 104
23 0.003480 87.980000 72 116
24 0.003340 93.040000 74 131
25 0.003740 100.500000 79 143
26 0.003840 105.140000 82 148
27 0.004260 112.560000 87 146
28 0.004400 120.540000 95 164
29 0.004440 125.700000 102 161
30 0.004760 126.840000 107 167
31 0.005000 129.500000 111 165
32 0.004780 137.940000 112 173
33 0.004800 145.620000 124 193
34 0.005240 147.040000 120 183
35 0.005300 160.700000 130 210
36 0.005460 164.560000 139 214
37 0.005100 172.640000 146 214
38 0.005520 174.120000 146 236
39 0.006240 182.140000 148 234
40 0.005960 190.700000 158 250
41 0.005860 194.960000 166 286
42 0.006580 198.540000 165 269
43 0.006260 210.640000 178 274
44 0.006320 218.920000 182 275
45 0.006380 221.080000 180 277
46 0.006880 232.120000 198 314
47 0.006980 245.980000 204 319
48 0.007180 233.160000 190 286
49 0.007320 250.400000 217 318
50 0.007420 261.400000 220 347
51 0.007760 264.800000 222 365
52 0.008260 272.620000 228 375
53 0.007820 282.860000 239 357
54 0.008060 291.540000 248 388
55 0.008320 297.160000 245 401
56 0.008540 301.840000 243 380
57 0.008600 312.220000 259 439
58 0.008580 317.060000 264 403
59 0.009180 322.320000 267 412
60 0.009120 335.360000 276 448
61 0.009380 338.800000 284 515
62 0.009820 349.580000 294 458
63 0.009480 347.400000 307 430
64 0.010100 373.840000 300 485
65 0.010480 369.060000 311 432
66 0.010560 373.500000 315 502
67 0.010380 384.320000 329 494
68 0.010800 390.460000 327 488
69 0.010680 408.600000 344 518
70 0.010700 414.040000 342 567
71 0.008940 406.080000 353 534
72 0.008960 422.760000 346 534
73 0.009100 432.760000 367 542
74 0.009400 438.800000 369 607
75 0.009140 457.340000 379 591
76 0.009620 462.540000 380 608
77 0.009520 460.280000 405 547
78 0.009460 471.900000 398 643
79 0.007480 474.660000 415 620
80 0.007980 485.060000 402 616
81 0.008080 486.800000 401 625
82 0.008000 501.820000 427 607
83 0.008140 511.780000 430 644
84 0.008500 520.060000 436 640
85 0.008340 525.980000 453 642
86 0.008720 534.660000 440 699
87 0.008780 553.080000 472 776
88 0.007400 550.760000 449 710
89 0.007440 564.680000 473 710
90 0.007520 559.700000 494 751
91 0.007620 566.400000 491 774
92 0.007900 573.980000 516 707
93 0.007840 592.320000 500 745
94 0.008020 610.520000 502 723
95 0.008640 618.560000 526 751
96 0.008320 605.640000 527 715
97 0.008060 629.000000 539 839
98 0.007280 621.740000 548 745
99 0.007540 628.960000 555 777
100 0.007560 641.740000 570 774
