1 0.000540 0.000000 0 0
2 0.000520 2.000000 2 2
3 0.000620 3.860000 3 4
4 0.000760 6.640000 6 7
5 0.000920 9.500000 8 10
6 0.001040 12.720000 11 14
7 0.001280 16.300000 14 18
8 0.001480 19.980000 17 23
9 0.001380 24.100000 22 27
10 0.001860 27.720000 25 32
11 0.001880 32.260000 29 39
12 0.001940 36.680000 33 42
13 0.001880 41.300000 37 50
14 0.002240 45.700000 41 55
15 0.002220 50.120000 45 57
16 0.002320 55.360000 50 65
17 0.002800 59.540000 55 67
18 0.002400 65.480000 59 73
19 0.002780 70.740000 62 82
20 0.002840 76.220000 69 87
21 0.002960 79.920000 73 96
22 0.003080 85.980000 79 104
23 0.003720 90.920000 83 110
24 0.003660 97.260000 86 111
25 0.003640 103.740000 94 138
26 0.005440 108.800000 98 122
27 0.004840 113.900000 105 133
28 0.004840 120.420000 112 139
29 0.004580 124.840000 114 145
30 0.004640 132.260000 121 146
31 0.004880 137.960000 126 163
32 0.004820 142.940000 133 163
33 0.005800 150.080000 139 180
34 0.005420 155.560000 141 181
35 0.005540 160.420000 151 181
36 0.005700 167.840000 156 189
37 0.006000 173.220000 161 197
38 0.005920 180.080000 168 201
39 0.006340 189.340000 175 219
40 0.006180 192.780000 178 235
41 0.006280 201.480000 181 225
42 0.006380 205.460000 190 237
43 0.006480 213.840000 196 254
44 0.007120 217.920000 198 263
45 0.006880 226.260000 208 259
46 0.007220 233.880000 210 266
47 0.007640 239.060000 222 278
48 0.007560 245.560000 229 312
49 0.007620 254.780000 232 297
50 0.007780 259.780000 241 300
51 0.008020 264.760000 245 285
52 0.008200 274.600000 254 332
53 0.008740 278.900000 261 328
54 0.010260 285.820000 261 324
55 0.010600 292.040000 276 323
56 0.010420 298.160000 276 343
57 0.010880 314.080000 285 379
58 0.011320 313.120000 292 346
59 0.009440 323.220000 295 371
60 0.009720 328.620000 306 376
61 0.009820 335.620000 316 378
62 0.008240 342.180000 315 403
63 0.007860 350.320000 325 420
64 0.008040 358.300000 327 441
65 0.008060 364.060000 343 402
66 0.008260 372.980000 341 417
67 0.008600 379.500000 350 413
68 0.008940 387.340000 355 477
69 0.008620 390.500000 363 468
70 0.008840 397.240000 373 470
71 0.007900 402.960000 375 455
72 0.007560 415.940000 381 480
73 0.007340 420.720000 392 459
74 0.007680 431.480000 396 510
75 0.007680 435.280000 401 494
76 0.008000 441.680000 412 497
77 0.008140 449.140000 428 494
78 0.008320 459.560000 433 510
79 0.008480 472.480000 435 543
80 0.009300 475.740000 437 541
81 0.008020 483.820000 446 570
82 0.007460 494.520000 453 570
83 0.007320 495.020000 457 578
84 0.007380 510.180000 475 568
85 0.007580 511.760000 467 580
86 0.007620 515.620000 483 573
87 0.007900 526.000000 487 579
88 0.008340 548.220000 505 611
89 0.008340 543.660000 511 634
90 0.008340 552.180000 512 611
91 0.007020 553.540000 515 625
92 0.007220 567.920000 518 618
93 0.007260 578.140000 539 670
94 0.007240 581.700000 541 731
95 0.007260 594.240000 548 686
96 0.007540 602.860000 565 716
97 0.007540 614.900000 564 702
98 0.008040 615.000000 565 742
99 0.007820 616.640000 574 673
100 0.007940 627.240000 579 735
