1 0.000680 0.000000 0 0
2 0.000520 1.000000 1 1
3 0.000680 2.520000 2 3
4 0.000880 4.780000 4 6
5 0.001040 7.340000 6 10
6 0.000960 10.060000 8 13
7 0.000980 13.340000 10 21
8 0.001140 16.940000 13 22
9 0.001240 20.400000 17 28
10 0.001400 24.000000 19 35
11 0.001460 26.960000 22 37
12 0.001780 32.480000 26 45
13 0.001820 37.300000 30 52
14 0.001960 41.420000 33 55
15 0.002380 45.720000 37 65
16 0.002560 50.960000 42 72
17 0.002360 55.240000 45 76
18 0.002360 61.520000 48 86
19 0.002500 64.620000 51 98
20 0.002580 70.800000 56 96
21 0.002900 75.400000 62 108
22 0.003020 80.860000 67 114
23 0.003200 85.160000 71 110
24 0.003340 91.260000 76 129
25 0.003400 97.880000 78 138
26 0.003620 105.160000 85 153
27 0.003760 109.200000 87 176
28 0.003980 115.740000 92 153
29 0.004120 121.400000 101 150
30 0.004580 127.420000 103 206
31 0.004740 133.280000 110 176
32 0.005560 146.260000 112 208
33 0.006360 144.280000 120 191
34 0.005960 154.040000 126 206
35 0.005120 159.260000 135 218
36 0.005260 164.820000 137 220
37 0.005560 175.100000 138 252
38 0.005780 177.400000 150 262
39 0.005720 183.380000 152 218
40 0.006080 193.200000 160 228
41 0.006100 197.680000 160 285
42 0.006340 203.560000 169 268
43 0.007440 210.360000 175 286
44 0.006320 222.060000 176 288
45 0.006300 225.420000 188 343
46 0.006520 233.700000 200 313
47 0.006840 239.780000 203 296
48 0.007060 247.340000 209 337
49 0.006980 251.760000 209 338
50 0.007260 256.180000 215 338
51 0.007380 272.720000 225 386
52 0.007720 271.460000 225 342
53 0.008340 280.180000 231 407
54 0.010480 288.640000 229 367
55 0.009260 289.220000 247 382
56 0.008160 299.880000 255 375
57 0.008400 307.520000 260 418
58 0.008580 314.040000 271 382
59 0.008700 322.320000 276 479
60 0.009060 328.460000 280 411
61 0.009300 335.940000 282 417
62 0.009480 350.580000 300 457
63 0.009620 368.040000 306 443
64 0.008840 363.600000 304 441
65 0.009160 365.720000 307 493
66 0.009160 380.980000 310 478
67 0.007300 389.060000 328 480
68 0.007580 391.200000 341 507
69 0.007900 394.160000 330 504
70 0.007940 406.580000 350 548
71 0.007820 415.300000 355 562
72 0.008160 418.380000 357 515
73 0.008280 427.000000 365 552
74 0.008260 442.020000 379 592
75 0.008480 448.460000 379 611
76 0.007680 453.400000 391 548
77 0.007140 461.480000 395 576
78 0.007180 454.680000 383 544
79 0.007420 484.640000 402 660
80 0.007340 477.300000 405 574
81 0.007420 492.120000 426 634
82 0.007520 494.740000 415 610
83 0.007620 513.180000 433 679
84 0.007920 505.720000 433 626
85 0.007860 536.320000 436 692
86 0.007260 541.640000 463 774
87 0.006860 550.560000 470 723
88 0.006980 553.200000 465 728
89 0.007120 559.560000 482 763
90 0.007320 575.140000 476 698
91 0.007320 577.320000 489 808
92 0.007260 587.040000 474 741
93 0.007340 592.400000 516 770
94 0.007580 591.380000 493 785
95 0.007620 602.240000 518 752
96 0.007580 624.480000 519 761
97 0.006700 622.740000 542 772
98 0.006980 644.440000 546 825
99 0.006880 628.140000 511 738
100 0.007060 644.260000 552 844
